TN:
SF:src/app.ts
FNF:0
FNH:0
DA:7,1
DA:8,1
DA:9,1
DA:11,1
DA:12,1
LF:5
LH:5
BRF:0
BRH:0
end_of_record
TN:
SF:src/database.ts
FNF:0
FNH:0
DA:3,2
DA:4,2
LF:2
LH:2
BRF:0
BRH:0
end_of_record
TN:
SF:src/controllers/recommendationController.ts
FN:6,insert
FN:17,upvote
FN:25,downvote
FN:33,random
FN:39,get
FN:44,getTop
FN:51,getById
FNF:7
FNH:7
FNDA:3,insert
FNDA:20,upvote
FNDA:8,downvote
FNDA:2,random
FNDA:1,get
FNDA:1,getTop
FNDA:1,getById
DA:7,3
DA:8,3
DA:9,2
DA:12,1
DA:14,1
DA:18,20
DA:20,20
DA:22,20
DA:26,8
DA:28,8
DA:30,7
DA:34,2
DA:36,1
DA:40,1
DA:41,1
DA:45,1
DA:47,1
DA:48,1
DA:52,1
DA:54,1
DA:55,1
DA:58,1
LF:22
LH:22
BRDA:8,0,0,2
BRF:1
BRH:1
end_of_record
TN:
SF:src/middlewares/errorHandlerMiddleware.ts
FN:8,errorHandlerMiddleware
FNF:1
FNH:1
FNDA:4,errorHandlerMiddleware
DA:14,4
DA:16,4
DA:17,4
DA:20,0
LF:4
LH:3
BRDA:16,0,0,4
BRF:1
BRH:1
end_of_record
TN:
SF:src/repositories/recommendationRepository.ts
FN:5,create
FN:16,findAll
FN:26,getAmountByScore
FN:33,getFindAllFilter
FN:45,find
FN:51,findByName
FN:57,updateScore
FN:66,remove
FNF:8
FNH:8
FNDA:1,create
FNDA:4,findAll
FNDA:1,getAmountByScore
FNDA:4,getFindAllFilter
FNDA:29,find
FNDA:1,findByName
FNDA:27,updateScore
FNDA:1,remove
DA:6,1
DA:17,4
DA:19,4
DA:27,1
DA:36,4
DA:38,2
DA:40,2
DA:46,29
DA:52,1
DA:58,27
DA:67,1
DA:72,2
LF:12
LH:12
BRDA:36,0,0,2
BRF:1
BRH:1
end_of_record
TN:
SF:src/routers/recommendationRouter.ts
FNF:0
FNH:0
DA:4,1
DA:6,1
DA:7,1
DA:8,1
DA:9,1
DA:10,1
DA:11,1
DA:12,1
LF:8
LH:8
BRF:0
BRH:0
end_of_record
TN:
SF:src/schemas/recommendationsSchemas.ts
FNF:0
FNH:0
DA:4,1
DA:6,1
LF:2
LH:2
BRF:0
BRH:0
end_of_record
TN:
SF:src/services/recommendationsService.ts
FN:7,insert
FN:17,upvote
FN:23,downvote
FN:36,getByIdOrFail
FN:43,get
FN:47,getTop
FN:51,getRandom
FN:64,getByScore
FN:77,getScoreFilter
FNF:9
FNH:9
FNDA:2,insert
FNDA:20,upvote
FNDA:8,downvote
FNDA:29,getByIdOrFail
FNDA:1,get
FNDA:1,getTop
FNDA:2,getRandom
FNDA:2,getByScore
FNDA:3,getScoreFilter
DA:8,2
DA:11,2
DA:12,1
DA:14,1
DA:18,20
DA:20,20
DA:24,8
DA:26,7
DA:31,7
DA:32,1
DA:37,29
DA:38,29
DA:40,28
DA:44,1
DA:48,1
DA:52,2
DA:53,2
DA:55,2
DA:56,2
DA:57,1
DA:60,1
DA:61,1
DA:65,2
DA:70,2
DA:71,1
DA:74,1
DA:78,3
DA:79,2
DA:82,1
DA:85,2
LF:30
LH:30
BRDA:11,0,0,1
BRDA:31,1,0,1
BRDA:38,2,0,1
BRDA:56,3,0,1
BRDA:70,4,0,1
BRDA:78,5,0,2
BRF:6
BRH:6
end_of_record
TN:
SF:src/utils/errorUtils.ts
FN:7,isAppError
FN:11,errorTypeToStatusCode
FN:19,conflictError
FN:23,notFoundError
FN:27,unauthorizedError
FN:31,wrongSchemaError
FNF:6
FNH:5
FNDA:4,isAppError
FNDA:4,errorTypeToStatusCode
FNDA:2,conflictError
FNDA:2,notFoundError
FNDA:0,unauthorizedError
FNDA:2,wrongSchemaError
DA:8,4
DA:12,4
DA:13,4
DA:14,2
DA:15,2
DA:16,0
DA:20,2
DA:24,2
DA:28,0
DA:32,2
LF:10
LH:8
BRDA:12,0,0,0
BRDA:13,1,0,2
BRDA:14,2,0,0
BRDA:15,3,0,2
BRDA:20,4,0,2
BRDA:20,4,1,0
BRDA:20,5,0,2
BRDA:20,5,1,2
BRDA:24,6,0,0
BRDA:24,6,1,2
BRDA:24,7,0,2
BRDA:24,7,1,2
BRDA:28,8,0,0
BRDA:28,8,1,0
BRDA:28,9,0,0
BRDA:28,9,1,0
BRDA:32,10,0,0
BRDA:32,10,1,2
BRDA:32,11,0,2
BRDA:32,11,1,2
BRF:20
BRH:11
end_of_record
TN:
SF:tests/factories/musicFactory.ts
FN:3,musicFactory
FNF:1
FNH:1
FNDA:10,musicFactory
DA:4,10
DA:8,10
LF:2
LH:2
BRF:0
BRH:0
end_of_record
TN:
SF:tests/factories/scoreFactory.ts
FN:4,scoreFactory
FNF:1
FNH:1
FNDA:3,scoreFactory
DA:5,3
DA:6,26
LF:2
LH:2
BRF:0
BRH:0
end_of_record
